<?xml version="1.0" encoding="UTF-8"?>
<!-- Generated by org.testng.reporters.JUnitReportReporter -->
<testsuite hostname="DESKTOP-O3NA0CG" failures="0" tests="1" name="test_CaseFiles.LoginWith_Valid_Data" time="21.006" errors="0" timestamp="2022-06-02T20:14:55 IST" skipped="0">
  <testcase classname="test_CaseFiles.LoginWith_Valid_Data" name="Login" time="21.006"/>
  <system-out/>
</testsuite> <!-- test_CaseFiles.LoginWith_Valid_Data -->
