<?xml version="1.0" encoding="UTF-8"?>
<!-- Generated by org.testng.reporters.JUnitReportReporter -->
<testsuite hostname="DESKTOP-O3NA0CG" failures="0" tests="4" name="test_CaseFiles.LoginWith_Valid_And_INValid_Data" time="25.601" errors="0" timestamp="2022-06-02T20:14:55 IST" skipped="0">
  <testcase classname="test_CaseFiles.LoginWith_Valid_And_INValid_Data" name="Valid_Invalid_LoginData" time="18.370"/>
  <system-out/>
  <testcase classname="test_CaseFiles.LoginWith_Valid_And_INValid_Data" name="Valid_Invalid_LoginData" time="1.901"/>
  <system-out/>
  <testcase classname="test_CaseFiles.LoginWith_Valid_And_INValid_Data" name="Valid_Invalid_LoginData" time="2.733"/>
  <system-out/>
  <testcase classname="test_CaseFiles.LoginWith_Valid_And_INValid_Data" name="Valid_Invalid_LoginData" time="2.597"/>
  <system-out/>
</testsuite> <!-- test_CaseFiles.LoginWith_Valid_And_INValid_Data -->
