<?xml version="1.0" encoding="UTF-8"?>
<!-- Generated by org.testng.reporters.JUnitReportReporter -->
<testsuite hostname="DESKTOP-O3NA0CG" failures="0" tests="1" name="test_CaseFiles.Testcase_for_Adding_Products" time="28.256" errors="0" timestamp="2022-06-05T19:13:17 IST" skipped="0">
  <testcase classname="test_CaseFiles.Testcase_for_Adding_Products" name="addingproducts" time="28.256"/>
  <system-out/>
</testsuite> <!-- test_CaseFiles.Testcase_for_Adding_Products -->
